2017-08-29 16:50:13,251 - [ DEBUG] [                              ]-[ningCandidateComponentProvider:294]: Identified candidate component class: file [C:\Users\Mike\Work\code\jv\monox\mServices\crUser\target\classes\com\mk\mnx\crUser\repository\PersonRepository.class]
2017-08-29 16:50:13,269 - [ DEBUG] [                              ]-[epositoryConfigurationDelegate:139]: Spring Data MongoDB - Registering repository: personRepository - Interface: com.mk.mnx.crUser.repository.PersonRepository - Factory: org.springframework.data.mongodb.repository.support.MongoRepositoryFactoryBean
2017-08-29 16:50:17,574 - [ DEBUG] [                              ]-[goPersistentEntityIndexCreator:122]: Analyzing class class com.mk.mnx.model.domain.Login for index information.
2017-08-29 16:50:17,577 - [ DEBUG] [                              ]-[goPersistentEntityIndexCreator:122]: Analyzing class class com.mk.mnx.model.domain.Name for index information.
2017-08-29 16:50:17,578 - [ DEBUG] [                              ]-[goPersistentEntityIndexCreator:122]: Analyzing class class com.mk.mnx.model.domain.Picture for index information.
2017-08-29 16:50:17,578 - [ DEBUG] [                              ]-[goPersistentEntityIndexCreator:122]: Analyzing class class com.mk.mnx.model.domain.Person for index information.
2017-08-29 16:50:17,602 - [ DEBUG] [                              ]-[goPersistentEntityIndexCreator:122]: Analyzing class class com.mk.mnx.model.domain.Location for index information.
2017-08-29 16:53:06,413 - [ DEBUG] [                              ]-[                 MongoTemplate:1046]: Inserting DBObject containing fields: [_class, _id, gender, name, location, email, login, dob, registered, phone, cell, picture, nat] in collection: persons
2017-08-29 16:53:06,440 - [ DEBUG] [                              ]-[                  MongoDbUtils:122]: Getting Mongo Database name=[monox]
2017-08-29 16:53:47,727 - [ DEBUG] [                         morty]-[                 MongoTemplate:1046]: Inserting DBObject containing fields: [_class, _id, gender, name, location, email, login, dob, registered, phone, cell, picture, nat] in collection: persons
2017-08-29 16:53:47,728 - [ DEBUG] [                         morty]-[                  MongoDbUtils:122]: Getting Mongo Database name=[monox]
2017-08-29 17:00:33,337 - [ DEBUG] [                              ]-[ningCandidateComponentProvider:294]: Identified candidate component class: file [C:\Users\Mike\Work\code\jv\monox\mServices\crUser\target\classes\com\mk\mnx\crUser\repository\PersonRepository.class]
2017-08-29 17:00:33,368 - [ DEBUG] [                              ]-[epositoryConfigurationDelegate:139]: Spring Data MongoDB - Registering repository: personRepository - Interface: com.mk.mnx.crUser.repository.PersonRepository - Factory: org.springframework.data.mongodb.repository.support.MongoRepositoryFactoryBean
2017-08-29 17:00:37,693 - [ DEBUG] [                              ]-[goPersistentEntityIndexCreator:122]: Analyzing class class com.mk.mnx.model.domain.Login for index information.
2017-08-29 17:00:37,694 - [ DEBUG] [                              ]-[goPersistentEntityIndexCreator:122]: Analyzing class class com.mk.mnx.model.domain.Name for index information.
2017-08-29 17:00:37,694 - [ DEBUG] [                              ]-[goPersistentEntityIndexCreator:122]: Analyzing class class com.mk.mnx.model.domain.Picture for index information.
2017-08-29 17:00:37,695 - [ DEBUG] [                              ]-[goPersistentEntityIndexCreator:122]: Analyzing class class com.mk.mnx.model.domain.Person for index information.
2017-08-29 17:00:37,720 - [ DEBUG] [                              ]-[goPersistentEntityIndexCreator:122]: Analyzing class class com.mk.mnx.model.domain.Location for index information.
2017-08-29 17:04:29,334 - [ DEBUG] [                         morty]-[                 MongoTemplate:1046]: Inserting DBObject containing fields: [_class, _id, gender, name, location, email, login, dob, registered, phone, cell, picture, nat] in collection: persons
2017-08-29 17:04:29,354 - [ DEBUG] [                         morty]-[                  MongoDbUtils:122]: Getting Mongo Database name=[monox]
2017-08-29 17:05:15,679 - [ DEBUG] [                          rick]-[                 MongoTemplate:1046]: Inserting DBObject containing fields: [_class, _id, gender, name, location, email, login, dob, registered, phone, cell, picture, nat] in collection: persons
2017-08-29 17:05:15,681 - [ DEBUG] [                          rick]-[                  MongoDbUtils:122]: Getting Mongo Database name=[monox]
2017-08-31 15:45:52,229 - [ DEBUG] [                              ]-[ningCandidateComponentProvider:294]: Identified candidate component class: file [C:\Users\Mike\Work\code\jv\monox\mServices\crUser\target\classes\com\mk\mnx\crUser\repository\PersonRepository.class]
2017-08-31 15:45:52,231 - [ DEBUG] [                              ]-[ningCandidateComponentProvider:294]: Identified candidate component class: file [C:\Users\Mike\Work\code\jv\monox\mServices\crUser\target\classes\com\mk\mnx\crUser\repository\UserRepository.class]
2017-08-31 15:45:52,260 - [ DEBUG] [                              ]-[epositoryConfigurationDelegate:139]: Spring Data MongoDB - Registering repository: userRepository - Interface: com.mk.mnx.crUser.repository.UserRepository - Factory: org.springframework.data.mongodb.repository.support.MongoRepositoryFactoryBean
2017-08-31 15:45:52,270 - [ DEBUG] [                              ]-[epositoryConfigurationDelegate:139]: Spring Data MongoDB - Registering repository: personRepository - Interface: com.mk.mnx.crUser.repository.PersonRepository - Factory: org.springframework.data.mongodb.repository.support.MongoRepositoryFactoryBean
2017-08-31 15:45:56,433 - [ DEBUG] [                              ]-[goPersistentEntityIndexCreator:122]: Analyzing class class com.mk.mnx.model.domain.Person for index information.
2017-08-31 15:45:56,456 - [ DEBUG] [                              ]-[goPersistentEntityIndexCreator:122]: Analyzing class class com.mk.mnx.model.domain.Login for index information.
2017-08-31 15:45:56,456 - [ DEBUG] [                              ]-[goPersistentEntityIndexCreator:122]: Analyzing class class com.mk.mnx.model.domain.Name for index information.
2017-08-31 15:45:56,456 - [ DEBUG] [                              ]-[goPersistentEntityIndexCreator:122]: Analyzing class class com.mk.mnx.model.domain.Picture for index information.
2017-08-31 15:45:56,457 - [ DEBUG] [                              ]-[goPersistentEntityIndexCreator:122]: Analyzing class class com.mk.mnx.model.domain.User for index information.
2017-08-31 15:45:56,473 - [ DEBUG] [                              ]-[                  MongoDbUtils:122]: Getting Mongo Database name=[monox]
2017-08-31 15:45:57,032 - [ DEBUG] [                              ]-[goPersistentEntityIndexCreator:122]: Analyzing class class com.mk.mnx.model.domain.Location for index information.
2017-08-31 16:32:15,610 - [ DEBUG] [                              ]-[                 MongoTemplate:1046]: Inserting DBObject containing fields: [_class, _id, userName, password, creation] in collection: users
2017-08-31 16:32:15,616 - [ DEBUG] [                              ]-[                  MongoDbUtils:122]: Getting Mongo Database name=[monox]
2017-08-31 16:32:15,885 - [ DEBUG] [                              ]-[                 MongoTemplate:1046]: Inserting DBObject containing fields: [_class, _id, gender, name, location, email, login, dob, registered, phone, cell, picture, nat] in collection: persons
2017-08-31 16:32:15,887 - [ DEBUG] [                              ]-[                  MongoDbUtils:122]: Getting Mongo Database name=[monox]
