2017-09-01 14:15:32,253 - [  INFO]-[             StartupInfoLogger:48]: Starting StartUpService on LAPTOP-LB3LT7K3 with PID 8472 (C:\Users\Mike\Work\code\jv\monox\mServices\sessionToken\target\classes started by Mike in C:\Users\Mike\Work\code\jv\monox\mServices\sessionToken)
2017-09-01 14:15:32,262 - [ DEBUG]-[             StartupInfoLogger:51]: Running with Spring Boot v1.5.6.RELEASE, Spring v4.3.10.RELEASE
2017-09-01 14:15:32,263 - [  INFO]-[             SpringApplication:593]: No active profile set, falling back to default profiles: default
2017-09-01 14:15:40,753 - [  INFO]-[             StartupInfoLogger:57]: Started StartUpService in 9.451 seconds (JVM running for 19.781)
2017-09-01 14:21:22,344 - [  INFO]-[             StartupInfoLogger:48]: Starting StartUpService on LAPTOP-LB3LT7K3 with PID 1132 (C:\Users\Mike\Work\code\jv\monox\mServices\sessionToken\target\classes started by Mike in C:\Users\Mike\Work\code\jv\monox\mServices\sessionToken)
2017-09-01 14:21:22,353 - [ DEBUG]-[             StartupInfoLogger:51]: Running with Spring Boot v1.5.6.RELEASE, Spring v4.3.10.RELEASE
2017-09-01 14:21:22,354 - [  INFO]-[             SpringApplication:593]: No active profile set, falling back to default profiles: default
2017-09-01 14:21:30,738 - [  INFO]-[             StartupInfoLogger:57]: Started StartUpService in 9.292 seconds (JVM running for 19.821)
2017-09-01 14:27:12,095 - [  INFO]-[             StartupInfoLogger:48]: Starting StartUpService on LAPTOP-LB3LT7K3 with PID 324 (C:\Users\Mike\Work\code\jv\monox\mServices\sessionToken\target\classes started by Mike in C:\Users\Mike\Work\code\jv\monox\mServices\sessionToken)
2017-09-01 14:27:12,103 - [ DEBUG]-[             StartupInfoLogger:51]: Running with Spring Boot v1.5.6.RELEASE, Spring v4.3.10.RELEASE
2017-09-01 14:27:12,104 - [  INFO]-[             SpringApplication:593]: No active profile set, falling back to default profiles: default
2017-09-01 14:27:24,451 - [  INFO]-[             StartupInfoLogger:57]: Started StartUpService in 13.336 seconds (JVM running for 23.585)
2017-09-01 14:27:38,966 - [ DEBUG]-[           SessionTokenService:32]: Encontrado [null]
2017-09-01 14:33:44,752 - [ DEBUG]-[           SessionTokenService:32]: Encontrado [null]
2017-09-01 14:36:48,067 - [  INFO]-[             StartupInfoLogger:48]: Starting StartUpService on LAPTOP-LB3LT7K3 with PID 2140 (C:\Users\Mike\Work\code\jv\monox\mServices\sessionToken\target\classes started by Mike in C:\Users\Mike\Work\code\jv\monox\mServices\sessionToken)
2017-09-01 14:36:48,076 - [ DEBUG]-[             StartupInfoLogger:51]: Running with Spring Boot v1.5.6.RELEASE, Spring v4.3.10.RELEASE
2017-09-01 14:36:48,077 - [  INFO]-[             SpringApplication:593]: No active profile set, falling back to default profiles: default
2017-09-01 14:36:56,930 - [  INFO]-[             StartupInfoLogger:57]: Started StartUpService in 9.849 seconds (JVM running for 20.459)
2017-09-01 14:39:11,998 - [ DEBUG]-[           SessionTokenService:32]: Encontrado [null]
2017-09-01 14:41:40,636 - [  INFO]-[             StartupInfoLogger:48]: Starting StartUpService on LAPTOP-LB3LT7K3 with PID 3164 (C:\Users\Mike\Work\code\jv\monox\mServices\sessionToken\target\classes started by Mike in C:\Users\Mike\Work\code\jv\monox\mServices\sessionToken)
2017-09-01 14:41:40,651 - [ DEBUG]-[             StartupInfoLogger:51]: Running with Spring Boot v1.5.6.RELEASE, Spring v4.3.10.RELEASE
2017-09-01 14:41:40,651 - [  INFO]-[             SpringApplication:593]: No active profile set, falling back to default profiles: default
2017-09-01 14:41:51,333 - [  INFO]-[             StartupInfoLogger:57]: Started StartUpService in 11.998 seconds (JVM running for 22.515)
2017-09-01 14:42:07,934 - [ DEBUG]-[           SessionTokenService:29]: USer [organicmeercat239] passs [beatles1]
2017-09-01 14:42:07,937 - [ DEBUG]-[           SessionTokenService:31]: md5 null
2017-09-01 14:42:08,013 - [ DEBUG]-[           SessionTokenService:34]: Encontrado [null]
2017-09-01 14:45:01,984 - [  INFO]-[             StartupInfoLogger:48]: Starting StartUpService on LAPTOP-LB3LT7K3 with PID 636 (C:\Users\Mike\Work\code\jv\monox\mServices\sessionToken\target\classes started by Mike in C:\Users\Mike\Work\code\jv\monox\mServices\sessionToken)
2017-09-01 14:45:01,991 - [ DEBUG]-[             StartupInfoLogger:51]: Running with Spring Boot v1.5.6.RELEASE, Spring v4.3.10.RELEASE
2017-09-01 14:45:01,992 - [  INFO]-[             SpringApplication:593]: No active profile set, falling back to default profiles: default
2017-09-01 14:45:11,501 - [  INFO]-[             StartupInfoLogger:57]: Started StartUpService in 10.475 seconds (JVM running for 20.715)
2017-09-01 14:45:17,403 - [ DEBUG]-[           SessionTokenService:30]: USer [organicmeercat239] passs [beatles1]
2017-09-01 14:45:17,406 - [ DEBUG]-[           SessionTokenService:34]: md5 KŸÒœ¿èºÿë?3ŒÅ¼ò
2017-09-01 14:45:17,518 - [ DEBUG]-[           SessionTokenService:37]: Encontrado [null]
2017-09-01 16:40:28,147 - [  INFO]-[             StartupInfoLogger:48]: Starting StartUpService on LAPTOP-LB3LT7K3 with PID 5768 (C:\Users\Mike\Work\code\jv\monox\mServices\sessionToken\target\classes started by Mike in C:\Users\Mike\Work\code\jv\monox\mServices\sessionToken)
2017-09-01 16:40:28,158 - [ DEBUG]-[             StartupInfoLogger:51]: Running with Spring Boot v1.5.6.RELEASE, Spring v4.3.10.RELEASE
2017-09-01 16:40:28,159 - [  INFO]-[             SpringApplication:593]: No active profile set, falling back to default profiles: default
2017-09-01 16:40:37,961 - [  INFO]-[             StartupInfoLogger:57]: Started StartUpService in 10.673 seconds (JVM running for 25.436)
2017-09-01 16:40:44,516 - [ DEBUG]-[           SessionTokenService:31]: USer [organicmeercat239] passs [beatles1]
2017-09-01 16:40:44,538 - [ DEBUG]-[           SessionTokenService:35]: md5 S5/SnL/ouv/rjTMajMW88g==
2017-09-01 16:40:44,705 - [ DEBUG]-[           SessionTokenService:38]: Encontrado [null]
2017-09-01 16:44:49,616 - [  INFO]-[             StartupInfoLogger:48]: Starting StartUpService on LAPTOP-LB3LT7K3 with PID 9700 (C:\Users\Mike\Work\code\jv\monox\mServices\sessionToken\target\classes started by Mike in C:\Users\Mike\Work\code\jv\monox\mServices\sessionToken)
2017-09-01 16:44:49,625 - [ DEBUG]-[             StartupInfoLogger:51]: Running with Spring Boot v1.5.6.RELEASE, Spring v4.3.10.RELEASE
2017-09-01 16:44:49,626 - [  INFO]-[             SpringApplication:593]: No active profile set, falling back to default profiles: default
2017-09-01 16:44:58,499 - [  INFO]-[             StartupInfoLogger:57]: Started StartUpService in 9.926 seconds (JVM running for 20.613)
2017-09-01 16:45:02,608 - [ DEBUG]-[           SessionTokenService:32]: USer [organicmeercat239] passs [beatles1]
2017-09-01 16:45:02,611 - [ DEBUG]-[           SessionTokenService:37]: md5 4b9fd29cbfe8baffeb8d331a8cc5bcf2
2017-09-01 16:45:02,652 - [ DEBUG]-[           SessionTokenService:40]: Encontrado [null]
2017-09-01 16:58:56,264 - [  INFO]-[             StartupInfoLogger:48]: Starting StartUpService on LAPTOP-LB3LT7K3 with PID 1972 (C:\Users\Mike\Work\code\jv\monox\mServices\sessionToken\target\classes started by Mike in C:\Users\Mike\Work\code\jv\monox\mServices\sessionToken)
2017-09-01 16:58:56,268 - [ DEBUG]-[             StartupInfoLogger:51]: Running with Spring Boot v1.5.6.RELEASE, Spring v4.3.10.RELEASE
2017-09-01 16:58:56,269 - [  INFO]-[             SpringApplication:593]: No active profile set, falling back to default profiles: default
2017-09-01 17:00:22,471 - [  INFO]-[             StartupInfoLogger:48]: Starting StartUpService on LAPTOP-LB3LT7K3 with PID 8308 (C:\Users\Mike\Work\code\jv\monox\mServices\sessionToken\target\classes started by Mike in C:\Users\Mike\Work\code\jv\monox\mServices\sessionToken)
2017-09-01 17:00:22,479 - [ DEBUG]-[             StartupInfoLogger:51]: Running with Spring Boot v1.5.6.RELEASE, Spring v4.3.10.RELEASE
2017-09-01 17:00:22,480 - [  INFO]-[             SpringApplication:593]: No active profile set, falling back to default profiles: default
2017-09-01 17:05:51,183 - [  INFO]-[             StartupInfoLogger:48]: Starting StartUpService on LAPTOP-LB3LT7K3 with PID 9260 (C:\Users\Mike\Work\code\jv\monox\mServices\sessionToken\target\classes started by Mike in C:\Users\Mike\Work\code\jv\monox\mServices\sessionToken)
2017-09-01 17:05:51,190 - [ DEBUG]-[             StartupInfoLogger:51]: Running with Spring Boot v1.5.6.RELEASE, Spring v4.3.10.RELEASE
2017-09-01 17:05:51,191 - [  INFO]-[             SpringApplication:593]: No active profile set, falling back to default profiles: default
2017-09-01 17:06:00,316 - [  INFO]-[             StartupInfoLogger:57]: Started StartUpService in 10.177 seconds (JVM running for 20.381)
2017-09-01 17:08:35,397 - [ DEBUG]-[           SessionTokenService:29]: USer [bigkoala693] passs [comfort]
2017-09-01 17:08:35,908 - [ DEBUG]-[           SessionTokenService:35]: md5 69c9438ab6450c8a4fbd210610419b80
2017-09-01 17:08:35,909 - [ DEBUG]-[           SessionTokenService:38]: Encontrado [com.mk.mnx.model.domain.User@38fae05[id=59a9da283fda187be4064db2,userName=bigkoala693,password=69c9438ab6450c8a4fbd210610419b80,salt=aKMJVYwO,creation=Fri Sep 01 17:07:35 CDT 2017,isConnected=<null>,token=<null>]]
2017-09-01 17:08:47,585 - [ DEBUG]-[           SessionTokenService:29]: USer [bigkoala693] passs [comfort]
2017-09-01 17:08:47,631 - [ DEBUG]-[           SessionTokenService:35]: md5 69c9438ab6450c8a4fbd210610419b80
2017-09-01 17:08:47,633 - [ DEBUG]-[           SessionTokenService:38]: Encontrado [com.mk.mnx.model.domain.User@1a021441[id=59a9da283fda187be4064db2,userName=bigkoala693,password=69c9438ab6450c8a4fbd210610419b80,salt=aKMJVYwO,creation=Fri Sep 01 17:07:35 CDT 2017,isConnected=<null>,token=eyJhbGciOiJIUzUxMiJ9.eyJzdWIiOiJiaWdrb2FsYTY5MyIsImV4cCI6MTUwNDM5MDExNX0.rSby6rMXDwxir9OfhsGt_rI5AhdS2xxaN-HA4cU5DJgGICaBO10q4ZK10ElfUJrmQuTuz-Ax6APQM27JExCb3A]]
2017-09-01 17:08:56,675 - [ DEBUG]-[           SessionTokenService:29]: USer [bigkoala693] passs [comfort2]
2017-09-01 17:08:56,695 - [ DEBUG]-[           SessionTokenService:35]: md5 1ac42687041fd2af3dadb4c2a67aed11
2017-09-01 17:08:56,698 - [ DEBUG]-[           SessionTokenService:38]: Encontrado [com.mk.mnx.model.domain.User@1e7aff31[id=59a9da283fda187be4064db2,userName=bigkoala693,password=69c9438ab6450c8a4fbd210610419b80,salt=aKMJVYwO,creation=Fri Sep 01 17:07:35 CDT 2017,isConnected=<null>,token=eyJhbGciOiJIUzUxMiJ9.eyJzdWIiOiJiaWdrb2FsYTY5MyIsImV4cCI6MTUwNDM5MDExNX0.rSby6rMXDwxir9OfhsGt_rI5AhdS2xxaN-HA4cU5DJgGICaBO10q4ZK10ElfUJrmQuTuz-Ax6APQM27JExCb3A]]
2017-09-01 17:11:32,582 - [  INFO]-[             StartupInfoLogger:48]: Starting StartUpService on LAPTOP-LB3LT7K3 with PID 2016 (C:\Users\Mike\Work\code\jv\monox\mServices\sessionToken\target\classes started by Mike in C:\Users\Mike\Work\code\jv\monox\mServices\sessionToken)
2017-09-01 17:11:32,590 - [ DEBUG]-[             StartupInfoLogger:51]: Running with Spring Boot v1.5.6.RELEASE, Spring v4.3.10.RELEASE
2017-09-01 17:11:32,591 - [  INFO]-[             SpringApplication:593]: No active profile set, falling back to default profiles: default
2017-09-01 17:11:44,083 - [  INFO]-[             StartupInfoLogger:57]: Started StartUpService in 12.501 seconds (JVM running for 22.359)
2017-09-01 17:11:46,426 - [ DEBUG]-[           SessionTokenService:29]: USer [bigkoala693] passs [comfort2]
2017-09-01 17:11:46,525 - [ DEBUG]-[           SessionTokenService:36]: md5 1ac42687041fd2af3dadb4c2a67aed11
2017-09-01 17:11:51,862 - [ DEBUG]-[           SessionTokenService:29]: USer [bigkoala693] passs [comfort]
2017-09-01 17:11:51,878 - [ DEBUG]-[           SessionTokenService:36]: md5 69c9438ab6450c8a4fbd210610419b80
2017-09-01 17:12:00,864 - [ DEBUG]-[           SessionTokenService:29]: USer [bigkoala693s] passs [comfort]
2017-09-01 17:12:08,115 - [ DEBUG]-[           SessionTokenService:29]: USer [bigkoala693] passs [comfort]
2017-09-01 17:12:08,132 - [ DEBUG]-[           SessionTokenService:36]: md5 69c9438ab6450c8a4fbd210610419b80
2017-09-01 17:40:09,171 - [  INFO]-[             StartupInfoLogger:48]: Starting StartUpService on LAPTOP-LB3LT7K3 with PID 9808 (C:\Users\Mike\Work\code\jv\monox\mServices\sessionToken\target\classes started by Mike in C:\Users\Mike\Work\code\jv\monox\mServices\sessionToken)
2017-09-01 17:40:09,180 - [ DEBUG]-[             StartupInfoLogger:51]: Running with Spring Boot v1.5.6.RELEASE, Spring v4.3.10.RELEASE
2017-09-01 17:40:09,181 - [  INFO]-[             SpringApplication:593]: No active profile set, falling back to default profiles: default
2017-09-01 17:40:19,534 - [  INFO]-[             StartupInfoLogger:57]: Started StartUpService in 11.358 seconds (JVM running for 25.432)
2017-09-01 17:40:30,731 - [ DEBUG]-[           SessionTokenService:34]: USer [bigkoala693] passs [comfort]
2017-09-01 17:40:31,010 - [ DEBUG]-[           SessionTokenService:41]: md5 69c9438ab6450c8a4fbd210610419b80
2017-09-02 21:57:47,100 - [  INFO]-[             StartupInfoLogger:48]: Starting StartUpService on LAPTOP-LB3LT7K3 with PID 5152 (C:\Users\Mike\Work\code\jv\monox\mServices\sessionToken\target\classes started by Mike in C:\Users\Mike\Work\code\jv\monox\mServices\sessionToken)
2017-09-02 21:57:47,114 - [ DEBUG]-[             StartupInfoLogger:51]: Running with Spring Boot v1.5.6.RELEASE, Spring v4.3.10.RELEASE
2017-09-02 21:57:47,115 - [  INFO]-[             SpringApplication:593]: No active profile set, falling back to default profiles: default
2017-09-02 21:57:53,611 - [  INFO]-[             StartupInfoLogger:57]: Started StartUpService in 7.105 seconds (JVM running for 20.729)
2017-09-02 21:58:59,969 - [ DEBUG]-[           SessionTokenService:27]: USer [bigkoala693] passs [comfort]
2017-09-02 21:59:00,588 - [ DEBUG]-[           SessionTokenService:34]: md5 69c9438ab6450c8a4fbd210610419b80
