2017-09-01 14:27:13,546 - [ DEBUG]-[ningCandidateComponentProvider:294]: Identified candidate component class: file [C:\Users\Mike\Work\code\jv\monox\mServices\sessionToken\target\classes\com\mk\mnx\crUser\repository\UserRepository.class]
2017-09-01 14:27:13,584 - [ DEBUG]-[epositoryConfigurationDelegate:139]: Spring Data MongoDB - Registering repository: userRepository - Interface: com.mk.mnx.crUser.repository.UserRepository - Factory: org.springframework.data.mongodb.repository.support.MongoRepositoryFactoryBean
2017-09-01 14:27:19,759 - [ DEBUG]-[goPersistentEntityIndexCreator:122]: Analyzing class class com.mk.mnx.model.domain.User for index information.
2017-09-01 14:27:19,803 - [ DEBUG]-[                  MongoDbUtils:122]: Getting Mongo Database name=[monox]
2017-09-01 14:27:20,333 - [ DEBUG]-[goPersistentEntityIndexCreator:122]: Analyzing class class com.mk.mnx.model.domain.Picture for index information.
2017-09-01 14:27:20,334 - [ DEBUG]-[goPersistentEntityIndexCreator:122]: Analyzing class class com.mk.mnx.model.domain.Name for index information.
2017-09-01 14:27:20,335 - [ DEBUG]-[goPersistentEntityIndexCreator:122]: Analyzing class class com.mk.mnx.model.domain.Location for index information.
2017-09-01 14:27:20,336 - [ DEBUG]-[goPersistentEntityIndexCreator:122]: Analyzing class class com.mk.mnx.model.domain.Login for index information.
2017-09-01 14:27:20,337 - [ DEBUG]-[goPersistentEntityIndexCreator:122]: Analyzing class class com.mk.mnx.model.domain.Person for index information.
2017-09-01 14:27:38,911 - [ DEBUG]-[         StringBasedMongoQuery:137]: Created query { "userName" : "organicmeercat239" , "password" : " null "} for null fields.
2017-09-01 14:27:38,945 - [ DEBUG]-[                 MongoTemplate:1783]: find using query: { "userName" : "organicmeercat239" , "password" : " null "} fields: null for class: class com.mk.mnx.model.domain.User in collection: users
2017-09-01 14:27:38,948 - [ DEBUG]-[                  MongoDbUtils:122]: Getting Mongo Database name=[monox]
2017-09-01 14:33:44,740 - [ DEBUG]-[         StringBasedMongoQuery:137]: Created query { "userName" : "organicmeercat239" , "password" : " null "} for null fields.
2017-09-01 14:33:44,744 - [ DEBUG]-[                 MongoTemplate:1783]: find using query: { "userName" : "organicmeercat239" , "password" : " null "} fields: null for class: class com.mk.mnx.model.domain.User in collection: users
2017-09-01 14:33:44,746 - [ DEBUG]-[                  MongoDbUtils:122]: Getting Mongo Database name=[monox]
2017-09-01 14:36:49,657 - [ DEBUG]-[ningCandidateComponentProvider:294]: Identified candidate component class: file [C:\Users\Mike\Work\code\jv\monox\mServices\sessionToken\target\classes\com\mk\mnx\crUser\repository\UserRepository.class]
2017-09-01 14:36:49,686 - [ DEBUG]-[epositoryConfigurationDelegate:139]: Spring Data MongoDB - Registering repository: userRepository - Interface: com.mk.mnx.crUser.repository.UserRepository - Factory: org.springframework.data.mongodb.repository.support.MongoRepositoryFactoryBean
2017-09-01 14:36:53,543 - [ DEBUG]-[goPersistentEntityIndexCreator:122]: Analyzing class class com.mk.mnx.model.domain.User for index information.
2017-09-01 14:36:53,567 - [ DEBUG]-[                  MongoDbUtils:122]: Getting Mongo Database name=[monox]
2017-09-01 14:36:53,898 - [ DEBUG]-[goPersistentEntityIndexCreator:122]: Analyzing class class com.mk.mnx.model.domain.Picture for index information.
2017-09-01 14:36:53,899 - [ DEBUG]-[goPersistentEntityIndexCreator:122]: Analyzing class class com.mk.mnx.model.domain.Person for index information.
2017-09-01 14:36:53,915 - [ DEBUG]-[goPersistentEntityIndexCreator:122]: Analyzing class class com.mk.mnx.model.domain.Name for index information.
2017-09-01 14:36:53,916 - [ DEBUG]-[goPersistentEntityIndexCreator:122]: Analyzing class class com.mk.mnx.model.domain.Location for index information.
2017-09-01 14:36:53,917 - [ DEBUG]-[goPersistentEntityIndexCreator:122]: Analyzing class class com.mk.mnx.model.domain.Login for index information.
2017-09-01 14:39:11,946 - [ DEBUG]-[         StringBasedMongoQuery:137]: Created query { "userName" : "organicmeercat239" , "password" : "organicmeercat239"} for null fields.
2017-09-01 14:39:11,975 - [ DEBUG]-[                 MongoTemplate:1783]: find using query: { "userName" : "organicmeercat239" , "password" : "organicmeercat239"} fields: null for class: class com.mk.mnx.model.domain.User in collection: users
2017-09-01 14:39:11,979 - [ DEBUG]-[                  MongoDbUtils:122]: Getting Mongo Database name=[monox]
2017-09-01 14:41:42,542 - [ DEBUG]-[ningCandidateComponentProvider:294]: Identified candidate component class: file [C:\Users\Mike\Work\code\jv\monox\mServices\sessionToken\target\classes\com\mk\mnx\crUser\repository\UserRepository.class]
2017-09-01 14:41:42,578 - [ DEBUG]-[epositoryConfigurationDelegate:139]: Spring Data MongoDB - Registering repository: userRepository - Interface: com.mk.mnx.crUser.repository.UserRepository - Factory: org.springframework.data.mongodb.repository.support.MongoRepositoryFactoryBean
2017-09-01 14:41:47,931 - [ DEBUG]-[goPersistentEntityIndexCreator:122]: Analyzing class class com.mk.mnx.model.domain.User for index information.
2017-09-01 14:41:47,958 - [ DEBUG]-[                  MongoDbUtils:122]: Getting Mongo Database name=[monox]
2017-09-01 14:41:48,323 - [ DEBUG]-[goPersistentEntityIndexCreator:122]: Analyzing class class com.mk.mnx.model.domain.Picture for index information.
2017-09-01 14:41:48,324 - [ DEBUG]-[goPersistentEntityIndexCreator:122]: Analyzing class class com.mk.mnx.model.domain.Login for index information.
2017-09-01 14:41:48,325 - [ DEBUG]-[goPersistentEntityIndexCreator:122]: Analyzing class class com.mk.mnx.model.domain.Name for index information.
2017-09-01 14:41:48,325 - [ DEBUG]-[goPersistentEntityIndexCreator:122]: Analyzing class class com.mk.mnx.model.domain.Person for index information.
2017-09-01 14:41:48,336 - [ DEBUG]-[goPersistentEntityIndexCreator:122]: Analyzing class class com.mk.mnx.model.domain.Location for index information.
2017-09-01 14:42:07,968 - [ DEBUG]-[         StringBasedMongoQuery:137]: Created query { "userName" : "organicmeercat239" , "password" : " null "} for null fields.
2017-09-01 14:42:07,994 - [ DEBUG]-[                 MongoTemplate:1783]: find using query: { "userName" : "organicmeercat239" , "password" : " null "} fields: null for class: class com.mk.mnx.model.domain.User in collection: users
2017-09-01 14:42:07,997 - [ DEBUG]-[                  MongoDbUtils:122]: Getting Mongo Database name=[monox]
2017-09-01 14:45:03,613 - [ DEBUG]-[ningCandidateComponentProvider:294]: Identified candidate component class: file [C:\Users\Mike\Work\code\jv\monox\mServices\sessionToken\target\classes\com\mk\mnx\crUser\repository\UserRepository.class]
2017-09-01 14:45:03,648 - [ DEBUG]-[epositoryConfigurationDelegate:139]: Spring Data MongoDB - Registering repository: userRepository - Interface: com.mk.mnx.crUser.repository.UserRepository - Factory: org.springframework.data.mongodb.repository.support.MongoRepositoryFactoryBean
2017-09-01 14:45:08,017 - [ DEBUG]-[goPersistentEntityIndexCreator:122]: Analyzing class class com.mk.mnx.model.domain.Person for index information.
2017-09-01 14:45:08,045 - [ DEBUG]-[goPersistentEntityIndexCreator:122]: Analyzing class class com.mk.mnx.model.domain.Name for index information.
2017-09-01 14:45:08,046 - [ DEBUG]-[goPersistentEntityIndexCreator:122]: Analyzing class class com.mk.mnx.model.domain.Picture for index information.
2017-09-01 14:45:08,047 - [ DEBUG]-[goPersistentEntityIndexCreator:122]: Analyzing class class com.mk.mnx.model.domain.User for index information.
2017-09-01 14:45:08,062 - [ DEBUG]-[                  MongoDbUtils:122]: Getting Mongo Database name=[monox]
2017-09-01 14:45:08,525 - [ DEBUG]-[goPersistentEntityIndexCreator:122]: Analyzing class class com.mk.mnx.model.domain.Login for index information.
2017-09-01 14:45:08,526 - [ DEBUG]-[goPersistentEntityIndexCreator:122]: Analyzing class class com.mk.mnx.model.domain.Location for index information.
2017-09-01 14:45:17,451 - [ DEBUG]-[         StringBasedMongoQuery:137]: Created query { "userName" : "organicmeercat239" , "password" : "KŸÒœ¿èºÿë?3ŒÅ¼ò"} for null fields.
2017-09-01 14:45:17,487 - [ DEBUG]-[                 MongoTemplate:1783]: find using query: { "userName" : "organicmeercat239" , "password" : "KŸÒœ¿èºÿë?3ŒÅ¼ò"} fields: null for class: class com.mk.mnx.model.domain.User in collection: users
2017-09-01 14:45:17,493 - [ DEBUG]-[                  MongoDbUtils:122]: Getting Mongo Database name=[monox]
2017-09-01 16:40:30,286 - [ DEBUG]-[ningCandidateComponentProvider:294]: Identified candidate component class: file [C:\Users\Mike\Work\code\jv\monox\mServices\sessionToken\target\classes\com\mk\mnx\crUser\repository\UserRepository.class]
2017-09-01 16:40:30,312 - [ DEBUG]-[epositoryConfigurationDelegate:139]: Spring Data MongoDB - Registering repository: userRepository - Interface: com.mk.mnx.crUser.repository.UserRepository - Factory: org.springframework.data.mongodb.repository.support.MongoRepositoryFactoryBean
2017-09-01 16:40:34,513 - [ DEBUG]-[goPersistentEntityIndexCreator:122]: Analyzing class class com.mk.mnx.model.domain.Person for index information.
2017-09-01 16:40:34,534 - [ DEBUG]-[goPersistentEntityIndexCreator:122]: Analyzing class class com.mk.mnx.model.domain.User for index information.
2017-09-01 16:40:34,547 - [ DEBUG]-[                  MongoDbUtils:122]: Getting Mongo Database name=[monox]
2017-09-01 16:40:35,034 - [ DEBUG]-[goPersistentEntityIndexCreator:122]: Analyzing class class com.mk.mnx.model.domain.Name for index information.
2017-09-01 16:40:35,035 - [ DEBUG]-[goPersistentEntityIndexCreator:122]: Analyzing class class com.mk.mnx.model.domain.Location for index information.
2017-09-01 16:40:35,036 - [ DEBUG]-[goPersistentEntityIndexCreator:122]: Analyzing class class com.mk.mnx.model.domain.Picture for index information.
2017-09-01 16:40:35,037 - [ DEBUG]-[goPersistentEntityIndexCreator:122]: Analyzing class class com.mk.mnx.model.domain.Login for index information.
2017-09-01 16:40:44,634 - [ DEBUG]-[         StringBasedMongoQuery:137]: Created query { "userName" : "organicmeercat239" , "password" : "S5/SnL/ouv/rjTMajMW88g=="} for null fields.
2017-09-01 16:40:44,678 - [ DEBUG]-[                 MongoTemplate:1783]: find using query: { "userName" : "organicmeercat239" , "password" : "S5/SnL/ouv/rjTMajMW88g=="} fields: null for class: class com.mk.mnx.model.domain.User in collection: users
2017-09-01 16:40:44,683 - [ DEBUG]-[                  MongoDbUtils:122]: Getting Mongo Database name=[monox]
2017-09-01 16:44:51,333 - [ DEBUG]-[ningCandidateComponentProvider:294]: Identified candidate component class: file [C:\Users\Mike\Work\code\jv\monox\mServices\sessionToken\target\classes\com\mk\mnx\crUser\repository\UserRepository.class]
2017-09-01 16:44:51,355 - [ DEBUG]-[epositoryConfigurationDelegate:139]: Spring Data MongoDB - Registering repository: userRepository - Interface: com.mk.mnx.crUser.repository.UserRepository - Factory: org.springframework.data.mongodb.repository.support.MongoRepositoryFactoryBean
2017-09-01 16:44:55,259 - [ DEBUG]-[goPersistentEntityIndexCreator:122]: Analyzing class class com.mk.mnx.model.domain.Picture for index information.
2017-09-01 16:44:55,260 - [ DEBUG]-[goPersistentEntityIndexCreator:122]: Analyzing class class com.mk.mnx.model.domain.Name for index information.
2017-09-01 16:44:55,260 - [ DEBUG]-[goPersistentEntityIndexCreator:122]: Analyzing class class com.mk.mnx.model.domain.Location for index information.
2017-09-01 16:44:55,261 - [ DEBUG]-[goPersistentEntityIndexCreator:122]: Analyzing class class com.mk.mnx.model.domain.Login for index information.
2017-09-01 16:44:55,261 - [ DEBUG]-[goPersistentEntityIndexCreator:122]: Analyzing class class com.mk.mnx.model.domain.User for index information.
2017-09-01 16:44:55,283 - [ DEBUG]-[                  MongoDbUtils:122]: Getting Mongo Database name=[monox]
2017-09-01 16:44:55,629 - [ DEBUG]-[goPersistentEntityIndexCreator:122]: Analyzing class class com.mk.mnx.model.domain.Person for index information.
2017-09-01 16:45:02,631 - [ DEBUG]-[         StringBasedMongoQuery:137]: Created query { "userName" : "organicmeercat239" , "password" : "4b9fd29cbfe8baffeb8d331a8cc5bcf2"} for null fields.
2017-09-01 16:45:02,642 - [ DEBUG]-[                 MongoTemplate:1783]: find using query: { "userName" : "organicmeercat239" , "password" : "4b9fd29cbfe8baffeb8d331a8cc5bcf2"} fields: null for class: class com.mk.mnx.model.domain.User in collection: users
2017-09-01 16:45:02,644 - [ DEBUG]-[                  MongoDbUtils:122]: Getting Mongo Database name=[monox]
2017-09-01 16:58:57,401 - [ DEBUG]-[ningCandidateComponentProvider:294]: Identified candidate component class: file [C:\Users\Mike\Work\code\jv\monox\mServices\sessionToken\target\classes\com\mk\mnx\crUser\repository\UserRepository.class]
2017-09-01 16:58:57,438 - [ DEBUG]-[epositoryConfigurationDelegate:139]: Spring Data MongoDB - Registering repository: userRepository - Interface: com.mk.mnx.crUser.repository.UserRepository - Factory: org.springframework.data.mongodb.repository.support.MongoRepositoryFactoryBean
2017-09-01 16:59:01,179 - [ DEBUG]-[goPersistentEntityIndexCreator:122]: Analyzing class class com.mk.mnx.model.domain.Picture for index information.
2017-09-01 16:59:01,180 - [ DEBUG]-[goPersistentEntityIndexCreator:122]: Analyzing class class com.mk.mnx.model.domain.Login for index information.
2017-09-01 16:59:01,181 - [ DEBUG]-[goPersistentEntityIndexCreator:122]: Analyzing class class com.mk.mnx.model.domain.Person for index information.
2017-09-01 16:59:01,208 - [ DEBUG]-[goPersistentEntityIndexCreator:122]: Analyzing class class com.mk.mnx.model.domain.User for index information.
2017-09-01 16:59:01,224 - [ DEBUG]-[                  MongoDbUtils:122]: Getting Mongo Database name=[monox]
2017-09-01 16:59:01,812 - [ DEBUG]-[goPersistentEntityIndexCreator:122]: Analyzing class class com.mk.mnx.model.domain.Name for index information.
2017-09-01 16:59:01,814 - [ DEBUG]-[goPersistentEntityIndexCreator:122]: Analyzing class class com.mk.mnx.model.domain.Location for index information.
2017-09-01 17:00:24,091 - [ DEBUG]-[ningCandidateComponentProvider:294]: Identified candidate component class: file [C:\Users\Mike\Work\code\jv\monox\mServices\sessionToken\target\classes\com\mk\mnx\crUser\repository\UserRepository.class]
2017-09-01 17:00:24,124 - [ DEBUG]-[epositoryConfigurationDelegate:139]: Spring Data MongoDB - Registering repository: userRepository - Interface: com.mk.mnx.crUser.repository.UserRepository - Factory: org.springframework.data.mongodb.repository.support.MongoRepositoryFactoryBean
2017-09-01 17:00:28,017 - [ DEBUG]-[goPersistentEntityIndexCreator:122]: Analyzing class class com.mk.mnx.model.domain.Picture for index information.
2017-09-01 17:00:28,017 - [ DEBUG]-[goPersistentEntityIndexCreator:122]: Analyzing class class com.mk.mnx.model.domain.Person for index information.
2017-09-01 17:00:28,040 - [ DEBUG]-[goPersistentEntityIndexCreator:122]: Analyzing class class com.mk.mnx.model.domain.User for index information.
2017-09-01 17:00:28,053 - [ DEBUG]-[                  MongoDbUtils:122]: Getting Mongo Database name=[monox]
2017-09-01 17:00:28,389 - [ DEBUG]-[goPersistentEntityIndexCreator:122]: Analyzing class class com.mk.mnx.model.domain.Login for index information.
2017-09-01 17:00:28,390 - [ DEBUG]-[goPersistentEntityIndexCreator:122]: Analyzing class class com.mk.mnx.model.domain.Name for index information.
2017-09-01 17:00:28,391 - [ DEBUG]-[goPersistentEntityIndexCreator:122]: Analyzing class class com.mk.mnx.model.domain.Location for index information.
2017-09-01 17:05:53,039 - [ DEBUG]-[ningCandidateComponentProvider:294]: Identified candidate component class: file [C:\Users\Mike\Work\code\jv\monox\mServices\sessionToken\target\classes\com\mk\mnx\crUser\repository\UserRepository.class]
2017-09-01 17:05:53,069 - [ DEBUG]-[epositoryConfigurationDelegate:139]: Spring Data MongoDB - Registering repository: userRepository - Interface: com.mk.mnx.crUser.repository.UserRepository - Factory: org.springframework.data.mongodb.repository.support.MongoRepositoryFactoryBean
2017-09-01 17:05:56,903 - [ DEBUG]-[goPersistentEntityIndexCreator:122]: Analyzing class class com.mk.mnx.model.domain.Login for index information.
2017-09-01 17:05:56,904 - [ DEBUG]-[goPersistentEntityIndexCreator:122]: Analyzing class class com.mk.mnx.model.domain.Location for index information.
2017-09-01 17:05:56,904 - [ DEBUG]-[goPersistentEntityIndexCreator:122]: Analyzing class class com.mk.mnx.model.domain.Name for index information.
2017-09-01 17:05:56,905 - [ DEBUG]-[goPersistentEntityIndexCreator:122]: Analyzing class class com.mk.mnx.model.domain.User for index information.
2017-09-01 17:05:56,928 - [ DEBUG]-[                  MongoDbUtils:122]: Getting Mongo Database name=[monox]
2017-09-01 17:05:57,285 - [ DEBUG]-[goPersistentEntityIndexCreator:122]: Analyzing class class com.mk.mnx.model.domain.Picture for index information.
2017-09-01 17:05:57,286 - [ DEBUG]-[goPersistentEntityIndexCreator:122]: Analyzing class class com.mk.mnx.model.domain.Person for index information.
2017-09-01 17:08:35,462 - [ DEBUG]-[         StringBasedMongoQuery:137]: Created query { "userName" : "bigkoala693"} for null fields.
2017-09-01 17:08:35,536 - [ DEBUG]-[                 MongoTemplate:1783]: find using query: { "userName" : "bigkoala693"} fields: null for class: class com.mk.mnx.model.domain.User in collection: users
2017-09-01 17:08:35,542 - [ DEBUG]-[                  MongoDbUtils:122]: Getting Mongo Database name=[monox]
2017-09-01 17:08:36,110 - [ DEBUG]-[                 MongoTemplate:1101]: Saving DBObject containing fields: [_class, _id, userName, password, salt, creation, token]
2017-09-01 17:08:36,114 - [ DEBUG]-[                  MongoDbUtils:122]: Getting Mongo Database name=[monox]
2017-09-01 17:08:47,591 - [ DEBUG]-[         StringBasedMongoQuery:137]: Created query { "userName" : "bigkoala693"} for null fields.
2017-09-01 17:08:47,596 - [ DEBUG]-[                 MongoTemplate:1783]: find using query: { "userName" : "bigkoala693"} fields: null for class: class com.mk.mnx.model.domain.User in collection: users
2017-09-01 17:08:47,597 - [ DEBUG]-[                  MongoDbUtils:122]: Getting Mongo Database name=[monox]
2017-09-01 17:08:56,678 - [ DEBUG]-[         StringBasedMongoQuery:137]: Created query { "userName" : "bigkoala693"} for null fields.
2017-09-01 17:08:56,680 - [ DEBUG]-[                 MongoTemplate:1783]: find using query: { "userName" : "bigkoala693"} fields: null for class: class com.mk.mnx.model.domain.User in collection: users
2017-09-01 17:08:56,681 - [ DEBUG]-[                  MongoDbUtils:122]: Getting Mongo Database name=[monox]
